<?xml version="1.0" encoding="UTF-8"?>
<testsuite xmlns:xsi="http://www.w3.org/2001/XMLSchema-instance" xsi:noNamespaceSchemaLocation="https://maven.apache.org/surefire/maven-surefire-plugin/xsd/surefire-test-report.xsd" name="Klassen.GameTest" time="0.013" tests="9" errors="0" skipped="0" failures="0">
  <properties>
[...]
</properties>
  <testcase name="spellFight1" classname="Klassen.GameTest" time="0.008"/>
  <testcase name="spellFight2" classname="Klassen.GameTest" time="0.001"/>
  <testcase name="spellFight3" classname="Klassen.GameTest" time="0.001"/>
  <testcase name="mixedFight1" classname="Klassen.GameTest" time="0"/>
  <testcase name="mixedFight2" classname="Klassen.GameTest" time="0.001"/>
  <testcase name="mixedFight3" classname="Klassen.GameTest" time="0"/>
  <testcase name="mixedFight4" classname="Klassen.GameTest" time="0.001"/>
  <testcase name="monsterFightTest1" classname="Klassen.GameTest" time="0"/>
  <testcase name="monsterFightTest2" classname="Klassen.GameTest" time="0.001"/>
</testsuite>