<?xml version="1.0" encoding="UTF-8"?>
<testsuite xmlns:xsi="http://www.w3.org/2001/XMLSchema-instance" xsi:noNamespaceSchemaLocation="https://maven.apache.org/surefire/maven-surefire-plugin/xsd/surefire-test-report.xsd" name="Klassen.CardTest" time="0.027" tests="6" errors="0" skipped="0" failures="0">
  <properties>
[...]
</properties>
  <testcase name="getterName" classname="Klassen.CardTest" time="0.016"/>
  <testcase name="elementTypeTest" classname="Klassen.CardTest" time="0"/>
  <testcase name="cardTypeTest" classname="Klassen.CardTest" time="0.001"/>
  <testcase name="changeDeckTest" classname="Klassen.CardTest" time="0.001"/>
  <testcase name="changeUsernameTest" classname="Klassen.CardTest" time="0.002"/>
  <testcase name="getterID" classname="Klassen.CardTest" time="0"/>
</testsuite>